{
  "RSpec": {
    "coverage": {
      "/var/www/app/app/mailers/application_mailer.rb": {
        "lines": [
          null,
          null,
          0,
          0,
          0,
          0
        ],
        "branches": {
        }
      },
      "/var/www/app/app/helpers/application_helper.rb": {
        "lines": [
          null,
          null,
          0,
          0
        ],
        "branches": {
        }
      },
      "/var/www/app/app/controllers/application_controller.rb": {
        "lines": [
          null,
          null,
          0,
          0,
          null,
          0,
          0,
          0,
          0
        ],
        "branches": {
        }
      },
      "/var/www/app/app/controllers/home_controller.rb": {
        "lines": [
          null,
          null,
          0,
          0,
          0
        ],
        "branches": {
        }
      },
      "/var/www/app/app/models/user.rb": {
        "lines": [
          null,
          null,
          0,
          null,
          null,
          0,
          0,
          0
        ],
        "branches": {
        }
      },
      "/var/www/app/app/models/application_record.rb": {
        "lines": [
          null,
          null,
          0,
          0,
          0
        ],
        "branches": {
        }
      }
    },
    "timestamp": 1730438055
  }
}
